# JRE version: OpenJDK Runtime Environment (11.0.11+9) (build 11.0.11+9-b60-7590822)
# Java VM: OpenJDK 64-Bit Server VM (11.0.11+9-b60-7590822, mixed mode, tiered, compressed oops, g1 gc, windows-amd64)
Heap:
 garbage-first heap   total 57344K, used 29126K [0x0000000080000000, 0x0000000100000000)
  region size 1024K, 14 young (14336K), 2 survivors (2048K)
 Metaspace       used 23660K, capacity 24220K, committed 24368K, reserved 1071104K
  class space    used 3003K, capacity 3196K, committed 3200K, reserved 1048576K
GC Heap History (16 events):
Event: 4.428 GC heap before
{Heap before GC invocations=0 (full 0):
 garbage-first heap   total 57344K, used 19456K [0x0000000080000000, 0x0000000100000000)
  region size 1024K, 14 young (14336K), 0 survivors (0K)
 Metaspace       used 6764K, capacity 6937K, committed 7168K, reserved 1056768K
  class space    used 584K, capacity 650K, committed 768K, reserved 1048576K
}
Event: 4.448 GC heap after
{Heap after GC invocations=1 (full 0):
 garbage-first heap   total 57344K, used 8156K [0x0000000080000000, 0x0000000100000000)
  region size 1024K, 2 young (2048K), 2 survivors (2048K)
 Metaspace       used 6764K, capacity 6937K, committed 7168K, reserved 1056768K
  class space    used 584K, capacity 650K, committed 768K, reserved 1048576K
}
Event: 8.441 GC heap before
{Heap before GC invocations=1 (full 0):
 garbage-first heap   total 57344K, used 20444K [0x0000000080000000, 0x0000000100000000)
  region size 1024K, 14 young (14336K), 2 survivors (2048K)
 Metaspace       used 9944K, capacity 10194K, committed 10368K, reserved 1058816K
  class space    used 1030K, capacity 1102K, committed 1152K, reserved 1048576K
}
Event: 8.448 GC heap after
{Heap after GC invocations=2 (full 0):
 garbage-first heap   total 57344K, used 9555K [0x0000000080000000, 0x0000000100000000)
  region size 1024K, 2 young (2048K), 2 survivors (2048K)
 Metaspace       used 9944K, capacity 10194K, committed 10368K, reserved 1058816K
  class space    used 1030K, capacity 1102K, committed 1152K, reserved 1048576K
}
Event: 14.693 GC heap before
{Heap before GC invocations=2 (full 0):
 garbage-first heap   total 57344K, used 29011K [0x0000000080000000, 0x0000000100000000)
  region size 1024K, 21 young (21504K), 2 survivors (2048K)
 Metaspace       used 10841K, capacity 11021K, committed 11264K, reserved 1058816K
  class space    used 1131K, capacity 1207K, committed 1280K, reserved 1048576K
}
Event: 14.698 GC heap after
{Heap after GC invocations=3 (full 0):
 garbage-first heap   total 57344K, used 10081K [0x0000000080000000, 0x0000000100000000)
  region size 1024K, 2 young (2048K), 2 survivors (2048K)
 Metaspace       used 10841K, capacity 11021K, committed 11264K, reserved 1058816K
  class space    used 1131K, capacity 1207K, committed 1280K, reserved 1048576K
}
Event: 18.362 GC heap before
{Heap before GC invocations=3 (full 0):
 garbage-first heap   total 57344K, used 35681K [0x0000000080000000, 0x0000000100000000)
  region size 1024K, 27 young (27648K), 2 survivors (2048K)
 Metaspace       used 11263K, capacity 11525K, committed 11648K, reserved 1058816K
  class space    used 1218K, capacity 1311K, committed 1408K, reserved 1048576K
}
Event: 18.373 GC heap after
{Heap after GC invocations=4 (full 0):
 garbage-first heap   total 57344K, used 14139K [0x0000000080000000, 0x0000000100000000)
  region size 1024K, 4 young (4096K), 4 survivors (4096K)
 Metaspace       used 11263K, capacity 11525K, committed 11648K, reserved 1058816K
  class space    used 1218K, capacity 1311K, committed 1408K, reserved 1048576K
}
Event: 44.181 GC heap before
{Heap before GC invocations=4 (full 0):
 garbage-first heap   total 57344K, used 37691K [0x0000000080000000, 0x0000000100000000)
  region size 1024K, 27 young (27648K), 4 survivors (4096K)
 Metaspace       used 17962K, capacity 18404K, committed 18688K, reserved 1064960K
  class space    used 2108K, capacity 2234K, committed 2304K, reserved 1048576K
}
Event: 44.213 GC heap after
{Heap after GC invocations=5 (full 0):
 garbage-first heap   total 57344K, used 16594K [0x0000000080000000, 0x0000000100000000)
  region size 1024K, 3 young (3072K), 3 survivors (3072K)
 Metaspace       used 17962K, capacity 18404K, committed 18688K, reserved 1064960K
  class space    used 2108K, capacity 2234K, committed 2304K, reserved 1048576K
}
Event: 45.547 GC heap before
{Heap before GC invocations=5 (full 0):
 garbage-first heap   total 57344K, used 39122K [0x0000000080000000, 0x0000000100000000)
  region size 1024K, 25 young (25600K), 3 survivors (3072K)
 Metaspace       used 20342K, capacity 20790K, committed 21120K, reserved 1067008K
  class space    used 2483K, capacity 2602K, committed 2688K, reserved 1048576K
}
Event: 45.557 GC heap after
{Heap after GC invocations=6 (full 0):
 garbage-first heap   total 57344K, used 17436K [0x0000000080000000, 0x0000000100000000)
  region size 1024K, 1 young (1024K), 1 survivors (1024K)
 Metaspace       used 20342K, capacity 20790K, committed 21120K, reserved 1067008K
  class space    used 2483K, capacity 2602K, committed 2688K, reserved 1048576K
}
Event: 46.160 GC heap before
{Heap before GC invocations=6 (full 0):
 garbage-first heap   total 57344K, used 19484K [0x0000000080000000, 0x0000000100000000)
  region size 1024K, 4 young (4096K), 1 survivors (1024K)
 Metaspace       used 20735K, capacity 21131K, committed 21296K, reserved 1069056K
  class space    used 2528K, capacity 2674K, committed 2688K, reserved 1048576K
}
Event: 46.166 GC heap after
{Heap after GC invocations=7 (full 0):
 garbage-first heap   total 57344K, used 17311K [0x0000000080000000, 0x0000000100000000)
  region size 1024K, 1 young (1024K), 1 survivors (1024K)
 Metaspace       used 20735K, capacity 21131K, committed 21296K, reserved 1069056K
  class space    used 2528K, capacity 2674K, committed 2688K, reserved 1048576K
}
Event: 47.807 GC heap before
{Heap before GC invocations=8 (full 0):
 garbage-first heap   total 57344K, used 34719K [0x0000000080000000, 0x0000000100000000)
  region size 1024K, 18 young (18432K), 1 survivors (1024K)
 Metaspace       used 22646K, capacity 23229K, committed 23472K, reserved 1069056K
  class space    used 2851K, capacity 3060K, committed 3072K, reserved 1048576K
}
Event: 47.810 GC heap after
{Heap after GC invocations=9 (full 0):
 garbage-first heap   total 57344K, used 17862K [0x0000000080000000, 0x0000000100000000)
  region size 1024K, 2 young (2048K), 2 survivors (2048K)
 Metaspace       used 22646K, capacity 23229K, committed 23472K, reserved 1069056K
  class space    used 2851K, capacity 3060K, committed 3072K, reserved 1048576K
}

